


ARM Macro Assembler    Page 1 


    1 00000000         ;/******************************************************
                       ********************//**
    2 00000000         ; * @file     startup_CM3DS_MPS2.s
    3 00000000         ; * @brief    CMSIS Cortex-M3 Core Device Startup File f
                       or
    4 00000000         ; *           Device CM3DS_MPS2
    5 00000000         ; * @version  V3.01
    6 00000000         ; * @date     06. March 2012
    7 00000000         ; *
    8 00000000         ; * @note
    9 00000000         ; * Copyright (C) 2012,2017 ARM Limited. All rights rese
                       rved.
   10 00000000         ; *
   11 00000000         ; * @par
   12 00000000         ; * ARM Limited (ARM) is supplying this software for use
                        with Cortex-M
   13 00000000         ; * processor based microcontrollers.  This file can be 
                       freely distributed
   14 00000000         ; * within development tools that are supporting such AR
                       M based processors.
   15 00000000         ; *
   16 00000000         ; * @par
   17 00000000         ; * THIS SOFTWARE IS PROVIDED "AS IS".  NO WARRANTIES, W
                       HETHER EXPRESS, IMPLIED
   18 00000000         ; * OR STATUTORY, INCLUDING, BUT NOT LIMITED TO, IMPLIED
                        WARRANTIES OF
   19 00000000         ; * MERCHANTABILITY AND FITNESS FOR A PARTICULAR PURPOSE
                        APPLY TO THIS SOFTWARE.
   20 00000000         ; * ARM SHALL NOT, IN ANY CIRCUMSTANCES, BE LIABLE FOR S
                       PECIAL, INCIDENTAL, OR
   21 00000000         ; * CONSEQUENTIAL DAMAGES, FOR ANY REASON WHATSOEVER.
   22 00000000         ; *
   23 00000000         ; ******************************************************
                       ************************/
   24 00000000         ;/*
   25 00000000         ;//-------- <<< Use Configuration Wizard in Context Menu
                        >>> ------------------
   26 00000000         ;*/
   27 00000000         
   28 00000000         
   29 00000000         ; <h> Stack Configuration
   30 00000000         ;   <o> Stack Size (in Bytes) <0x0-0xFFFFFFFF:8>
   31 00000000         ; </h>
   32 00000000         
   33 00000000 00000800 
                       Stack_Size
                               EQU              0x00000800
   34 00000000         
   35 00000000                 AREA             STACK, NOINIT, READWRITE, ALIGN
=3
   36 00000000         Stack_Mem
                               SPACE            Stack_Size
   37 00000800         __initial_sp
   38 00000800         
   39 00000800         
   40 00000800         ; <h> Heap Configuration
   41 00000800         ;   <o>  Heap Size (in Bytes) <0x0-0xFFFFFFFF:8>
   42 00000800         ; </h>
   43 00000800         



ARM Macro Assembler    Page 2 


   44 00000800 00000800 
                       Heap_Size
                               EQU              0x00000800
   45 00000800         
   46 00000800                 AREA             HEAP, NOINIT, READWRITE, ALIGN=
3
   47 00000000         __heap_base
   48 00000000         Heap_Mem
                               SPACE            Heap_Size
   49 00000800         __heap_limit
   50 00000800         
   51 00000800         
   52 00000800                 PRESERVE8
   53 00000800                 THUMB
   54 00000800         
   55 00000800         
   56 00000800         ; Vector Table Mapped to Address 0 at Reset
   57 00000800         
   58 00000800                 AREA             RESET, DATA, READONLY
   59 00000000                 EXPORT           __Vectors
   60 00000000                 EXPORT           __Vectors_End
   61 00000000                 EXPORT           __Vectors_Size
   62 00000000         
   63 00000000 00000000 
                       __Vectors
                               DCD              __initial_sp ; Top of Stack
   64 00000004 00000000        DCD              Reset_Handler ; Reset Handler
   65 00000008 00000000        DCD              NMI_Handler ; NMI Handler
   66 0000000C 00000000        DCD              HardFault_Handler ; Hard Fault 
                                                            Handler
   67 00000010 00000000        DCD              MemManage_Handler 
                                                            ; MPU Fault Handler
                                                            
   68 00000014 00000000        DCD              BusFault_Handler 
                                                            ; Bus Fault Handler
                                                            
   69 00000018 00000000        DCD              UsageFault_Handler ; Usage Faul
                                                            t Handler
   70 0000001C 00000000        DCD              0           ; Reserved
   71 00000020 00000000        DCD              0           ; Reserved
   72 00000024 00000000        DCD              0           ; Reserved
   73 00000028 00000000        DCD              0           ; Reserved
   74 0000002C 00000000        DCD              SVC_Handler ; SVCall Handler
   75 00000030 00000000        DCD              DebugMon_Handler ; Debug Monito
                                                            r Handler
   76 00000034 00000000        DCD              0           ; Reserved
   77 00000038 00000000        DCD              PendSV_Handler ; PendSV Handler
                                                            
   78 0000003C 00000000        DCD              SysTick_Handler 
                                                            ; SysTick Handler
   79 00000040         
   80 00000040         ; External Interrupts
   81 00000040 00000000        DCD              UARTRX_Handler 
                                                            ; UART RX Handler
   82 00000044 00000000        DCD              UARTTX_Handler 
                                                            ; UART TX Handler
   83 00000048 00000000        DCD              UARTOVR_Handler ; UART RX and T
                                                            X OVERRIDE Handler
   84 0000004C 00000000        DCD              KEY0_Handler ; IRQ3 Handler



ARM Macro Assembler    Page 3 


   85 00000050 00000000        DCD              KEY1_Handler ; IRQ4 Handler
   86 00000054 00000000        DCD              KEY2_Handler ; IRQ5 Handler
   87 00000058 00000000        DCD              KEY3_Handler ; IRQ6 Handler
   88 0000005C 00000000        DCD              TIMER_Handler ; IRQ7 Handler
   89 00000060 00000000        DCD              VGA_Handler ; IRQ8 VGA_Handler
   90 00000064 00000000        DCD              CREATE_PLANE_Handler ; IRQ9 CRE
                                                            ATE_PLANE_Handler
   91 00000068 00000000        DCD              PULSE0_Handler ; IRQ10 PULSE0_H
                                                            andler
   92 0000006C 00000000        DCD              PULSE1_Handler ; IRQ11 PULSE1_H
                                                            andler
   93 00000070 00000000        DCD              TRIANGLE_Handler ; IRQ12 TRIANG
                                                            LE_Handler
   94 00000074 00000000        DCD              NOISE_Handler ; IRQ13 NOISE_Han
                                                            dler
   95 00000078         
   96 00000078         __Vectors_End
   97 00000078         
   98 00000078 00000078 
                       __Vectors_Size
                               EQU              __Vectors_End - __Vectors
   99 00000078         
  100 00000078                 AREA             |.text|, CODE, READONLY
  101 00000000         
  102 00000000         
  103 00000000         ; Reset Handler
  104 00000000         
  105 00000000         Reset_Handler
                               PROC
  106 00000000                 EXPORT           Reset_Handler             [WEAK
]
  107 00000000                 IMPORT           SystemInit
  108 00000000                 IMPORT           __main
  109 00000000 4680            MOV              R8, R0
  110 00000002 46C1            MOV              R9, R8
  111 00000004 482F            LDR              R0, =SystemInit
  112 00000006 4780            BLX              R0
  113 00000008 482F            LDR              R0, =__main
  114 0000000A 4700            BX               R0
  115 0000000C                 ENDP
  116 0000000C         
  117 0000000C         
  118 0000000C         ; Dummy Exception Handlers (infinite loops which can be 
                       modified)
  119 0000000C         
  120 0000000C         NMI_Handler
                               PROC
  121 0000000C                 EXPORT           NMI_Handler               [WEAK
]
  122 0000000C                 IMPORT           NMIHandler
  123 0000000C B500            PUSH             {LR}
  124 0000000E F7FF FFFE       BL               NMIHandler
  125 00000012 BD00            POP              {PC}
  126 00000014                 ENDP
  127 00000014         
  128 00000014         HardFault_Handler
                               PROC
  129 00000014                 EXPORT           HardFault_Handler         [WEAK
]



ARM Macro Assembler    Page 4 


  130 00000014                 IMPORT           HardFaultHandler
  131 00000014 B500            PUSH             {LR}
  132 00000016 F7FF FFFE       BL               HardFaultHandler
  133 0000001A BD00            POP              {PC}
  134 0000001C                 ENDP
  135 0000001C         
  136 0000001C         MemManage_Handler
                               PROC
  137 0000001C                 EXPORT           MemManage_Handler         [WEAK
]
  138 0000001C                 IMPORT           MemManageHandler
  139 0000001C B500            PUSH             {LR}
  140 0000001E F7FF FFFE       BL               MemManageHandler
  141 00000022 BD00            POP              {PC}
  142 00000024                 ENDP
  143 00000024         
  144 00000024         BusFault_Handler
                               PROC
  145 00000024                 EXPORT           BusFault_Handler          [WEAK
]
  146 00000024                 IMPORT           BusFaultHandler
  147 00000024 B500            PUSH             {LR}
  148 00000026 F7FF FFFE       BL               BusFaultHandler
  149 0000002A BD00            POP              {PC}
  150 0000002C                 ENDP
  151 0000002C         
  152 0000002C         UsageFault_Handler
                               PROC
  153 0000002C                 EXPORT           UsageFault_Handler        [WEAK
]
  154 0000002C                 IMPORT           UsageFaultHandler
  155 0000002C B500            PUSH             {LR}
  156 0000002E F7FF FFFE       BL               UsageFaultHandler
  157 00000032 BD00            POP              {PC}
  158 00000034                 ENDP
  159 00000034         
  160 00000034         SVC_Handler
                               PROC
  161 00000034                 EXPORT           SVC_Handler               [WEAK
]
  162 00000034                 IMPORT           SVCHandler
  163 00000034 B500            PUSH             {LR}
  164 00000036 F7FF FFFE       BL               SVCHandler
  165 0000003A BD00            POP              {PC}
  166 0000003C                 ENDP
  167 0000003C         
  168 0000003C         DebugMon_Handler
                               PROC
  169 0000003C                 EXPORT           DebugMon_Handler          [WEAK
]
  170 0000003C                 IMPORT           DebugMonHandler
  171 0000003C B500            PUSH             {LR}
  172 0000003E F7FF FFFE       BL               DebugMonHandler
  173 00000042 BD00            POP              {PC}
  174 00000044                 ENDP
  175 00000044         
  176 00000044         PendSV_Handler
                               PROC
  177 00000044                 EXPORT           PendSV_Handler            [WEAK



ARM Macro Assembler    Page 5 


]
  178 00000044                 IMPORT           PendSVHandler
  179 00000044 B500            PUSH             {LR}
  180 00000046 F7FF FFFE       BL               PendSVHandler
  181 0000004A BD00            POP              {PC}
  182 0000004C                 ENDP
  183 0000004C         
  184 0000004C         SysTick_Handler
                               PROC
  185 0000004C                 EXPORT           SysTick_Handler           [WEAK
]
  186 0000004C                 IMPORT           SysTickHandler
  187 0000004C B500            PUSH             {LR}
  188 0000004E F7FF FFFE       BL               SysTickHandler
  189 00000052 BD00            POP              {PC}
  190 00000054                 ENDP
  191 00000054         
  192 00000054         UARTRX_Handler
                               PROC
  193 00000054                 EXPORT           UARTRX_Handler             [WEA
K]
  194 00000054                 IMPORT           UARTRXHandler
  195 00000054 B500            PUSH             {LR}
  196 00000056 F7FF FFFE       BL               UARTRXHandler
  197 0000005A BD00            POP              {PC}
  198 0000005C                 ENDP
  199 0000005C         
  200 0000005C         UARTTX_Handler
                               PROC
  201 0000005C                 EXPORT           UARTTX_Handler             [WEA
K]
  202 0000005C                 IMPORT           UARTTXHandler
  203 0000005C B500            PUSH             {LR}
  204 0000005E F7FF FFFE       BL               UARTTXHandler
  205 00000062 BD00            POP              {PC}
  206 00000064                 ENDP
  207 00000064         
  208 00000064         UARTOVR_Handler
                               PROC
  209 00000064                 EXPORT           UARTOVR_Handler             [WE
AK]
  210 00000064                 IMPORT           UARTOVRHandler
  211 00000064 B500            PUSH             {LR}
  212 00000066 F7FF FFFE       BL               UARTOVRHandler
  213 0000006A BD00            POP              {PC}
  214 0000006C                 ENDP
  215 0000006C         
  216 0000006C         KEY0_Handler
                               PROC
  217 0000006C                 EXPORT           KEY0_Handler   [WEAK]
  218 0000006C                 IMPORT           KEY0
  219 0000006C B507            PUSH             {R0,R1,R2,LR}
  220 0000006E F7FF FFFE       BL               KEY0
  221 00000072 BD07            POP              {R0,R1,R2,PC}
  222 00000074                 ENDP
  223 00000074         
  224 00000074         KEY1_Handler
                               PROC
  225 00000074                 EXPORT           KEY1_Handler   [WEAK]



ARM Macro Assembler    Page 6 


  226 00000074                 IMPORT           KEY1
  227 00000074 B507            PUSH             {R0,R1,R2,LR}
  228 00000076 F7FF FFFE       BL               KEY1
  229 0000007A BD07            POP              {R0,R1,R2,PC}
  230 0000007C                 ENDP
  231 0000007C         
  232 0000007C         KEY2_Handler
                               PROC
  233 0000007C                 EXPORT           KEY2_Handler   [WEAK]
  234 0000007C                 IMPORT           KEY2
  235 0000007C B507            PUSH             {R0,R1,R2,LR}
  236 0000007E F7FF FFFE       BL               KEY2
  237 00000082 BD07            POP              {R0,R1,R2,PC}
  238 00000084                 ENDP
  239 00000084         
  240 00000084         KEY3_Handler
                               PROC
  241 00000084                 EXPORT           KEY3_Handler   [WEAK]
  242 00000084                 IMPORT           KEY3
  243 00000084 B507            PUSH             {R0,R1,R2,LR}
  244 00000086 F7FF FFFE       BL               KEY3
  245 0000008A BD07            POP              {R0,R1,R2,PC}
  246 0000008C                 ENDP
  247 0000008C         
  248 0000008C         TIMER_Handler
                               PROC
  249 0000008C                 EXPORT           TIMER_Handler   [WEAK]
  250 0000008C                 IMPORT           Timer_Handler
  251 0000008C B507            PUSH             {R0,R1,R2,LR}
  252 0000008E F7FF FFFE       BL               Timer_Handler
  253 00000092 BD07            POP              {R0,R1,R2,PC}
  254 00000094                 ENDP
  255 00000094         
  256 00000094         VGA_Handler
                               PROC
  257 00000094                 EXPORT           VGA_Handler   [WEAK]
  258 00000094                 IMPORT           vga_Handler
  259 00000094 B507            PUSH             {R0,R1,R2,LR}
  260 00000096 F7FF FFFE       BL               vga_Handler
  261 0000009A BD07            POP              {R0,R1,R2,PC}
  262 0000009C                 ENDP
  263 0000009C         
  264 0000009C         CREATE_PLANE_Handler
                               PROC
  265 0000009C                 EXPORT           CREATE_PLANE_Handler   [WEAK]
  266 0000009C                 IMPORT           create_plane_Handler
  267 0000009C B507            PUSH             {R0,R1,R2,LR}
  268 0000009E F7FF FFFE       BL               create_plane_Handler
  269 000000A2 BD07            POP              {R0,R1,R2,PC}
  270 000000A4                 ENDP
  271 000000A4         
  272 000000A4         PULSE0_Handler
                               PROC
  273 000000A4                 EXPORT           PULSE0_Handler   [WEAK]
  274 000000A4                 IMPORT           pulse0_Handler
  275 000000A4 B507            PUSH             {R0,R1,R2,LR}
  276 000000A6 F7FF FFFE       BL               pulse0_Handler
  277 000000AA BD07            POP              {R0,R1,R2,PC}
  278 000000AC                 ENDP



ARM Macro Assembler    Page 7 


  279 000000AC         
  280 000000AC         PULSE1_Handler
                               PROC
  281 000000AC                 EXPORT           PULSE1_Handler   [WEAK]
  282 000000AC                 IMPORT           pulse1_Handler
  283 000000AC B507            PUSH             {R0,R1,R2,LR}
  284 000000AE F7FF FFFE       BL               pulse1_Handler
  285 000000B2 BD07            POP              {R0,R1,R2,PC}
  286 000000B4                 ENDP
  287 000000B4         
  288 000000B4         TRIANGLE_Handler
                               PROC
  289 000000B4                 EXPORT           TRIANGLE_Handler   [WEAK]
  290 000000B4                 IMPORT           triangle_Handler
  291 000000B4 B507            PUSH             {R0,R1,R2,LR}
  292 000000B6 F7FF FFFE       BL               triangle_Handler
  293 000000BA BD07            POP              {R0,R1,R2,PC}
  294 000000BC                 ENDP
  295 000000BC         
  296 000000BC         NOISE_Handler
                               PROC
  297 000000BC                 EXPORT           NOISE_Handler   [WEAK]
  298 000000BC                 IMPORT           noise_Handler
  299 000000BC B507            PUSH             {R0,R1,R2,LR}
  300 000000BE F7FF FFFE       BL               noise_Handler
  301 000000C2 BD07            POP              {R0,R1,R2,PC}
  302 000000C4                 ENDP
  303 000000C4         
  304 000000C4                 ALIGN
  305 000000C4         
  306 000000C4         
  307 000000C4         ; User Initial Stack & Heap
  308 000000C4         
  309 000000C4                 IF               :DEF:__MICROLIB
  310 000000C4         
  311 000000C4                 EXPORT           __initial_sp
  312 000000C4                 EXPORT           __heap_base
  313 000000C4                 EXPORT           __heap_limit
  314 000000C4         
  315 000000C4                 ELSE
  330                          ENDIF
  331 000000C4         
  332 000000C4         
  333 000000C4                 END
              00000000 
              00000000 
Command Line: --debug --xref --diag_suppress=9931 --cpu=Cortex-M3 --apcs=interw
ork --depend=.\objects\startup_cm3ds.d -o.\objects\startup_cm3ds.o -I.\RTE\_Tar
get_1 -I"D:\Program Files\Keil_V5\Arm\Packs\Keil\V2M-MPS2_CMx_BSP\1.7.1\Device\
CMSDK_CM3\Include" -I"D:\Program Files\Keil_V5\ARM\CMSIS\Include" --predefine="
__MICROLIB SETA 1" --predefine="__UVISION_VERSION SETA 528" --predefine="CMSDK_
CM3 SETA 1" --list=.\startup_cm3ds.lst ..\CORE\startup_CM3DS.s



ARM Macro Assembler    Page 1 Alphabetic symbol ordering
Relocatable symbols

STACK 00000000

Symbol: STACK
   Definitions
      At line 35 in file ..\CORE\startup_CM3DS.s
   Uses
      None
Comment: STACK unused
Stack_Mem 00000000

Symbol: Stack_Mem
   Definitions
      At line 36 in file ..\CORE\startup_CM3DS.s
   Uses
      None
Comment: Stack_Mem unused
__initial_sp 00000800

Symbol: __initial_sp
   Definitions
      At line 37 in file ..\CORE\startup_CM3DS.s
   Uses
      At line 63 in file ..\CORE\startup_CM3DS.s
      At line 311 in file ..\CORE\startup_CM3DS.s

3 symbols



ARM Macro Assembler    Page 1 Alphabetic symbol ordering
Relocatable symbols

HEAP 00000000

Symbol: HEAP
   Definitions
      At line 46 in file ..\CORE\startup_CM3DS.s
   Uses
      None
Comment: HEAP unused
Heap_Mem 00000000

Symbol: Heap_Mem
   Definitions
      At line 48 in file ..\CORE\startup_CM3DS.s
   Uses
      None
Comment: Heap_Mem unused
__heap_base 00000000

Symbol: __heap_base
   Definitions
      At line 47 in file ..\CORE\startup_CM3DS.s
   Uses
      At line 312 in file ..\CORE\startup_CM3DS.s
Comment: __heap_base used once
__heap_limit 00000800

Symbol: __heap_limit
   Definitions
      At line 49 in file ..\CORE\startup_CM3DS.s
   Uses
      At line 313 in file ..\CORE\startup_CM3DS.s
Comment: __heap_limit used once
4 symbols



ARM Macro Assembler    Page 1 Alphabetic symbol ordering
Relocatable symbols

RESET 00000000

Symbol: RESET
   Definitions
      At line 58 in file ..\CORE\startup_CM3DS.s
   Uses
      None
Comment: RESET unused
__Vectors 00000000

Symbol: __Vectors
   Definitions
      At line 63 in file ..\CORE\startup_CM3DS.s
   Uses
      At line 59 in file ..\CORE\startup_CM3DS.s
      At line 98 in file ..\CORE\startup_CM3DS.s

__Vectors_End 00000078

Symbol: __Vectors_End
   Definitions
      At line 96 in file ..\CORE\startup_CM3DS.s
   Uses
      At line 60 in file ..\CORE\startup_CM3DS.s
      At line 98 in file ..\CORE\startup_CM3DS.s

3 symbols



ARM Macro Assembler    Page 1 Alphabetic symbol ordering
Relocatable symbols

.text 00000000

Symbol: .text
   Definitions
      At line 100 in file ..\CORE\startup_CM3DS.s
   Uses
      None
Comment: .text unused
BusFault_Handler 00000024

Symbol: BusFault_Handler
   Definitions
      At line 144 in file ..\CORE\startup_CM3DS.s
   Uses
      At line 68 in file ..\CORE\startup_CM3DS.s
      At line 145 in file ..\CORE\startup_CM3DS.s

CREATE_PLANE_Handler 0000009C

Symbol: CREATE_PLANE_Handler
   Definitions
      At line 264 in file ..\CORE\startup_CM3DS.s
   Uses
      At line 90 in file ..\CORE\startup_CM3DS.s
      At line 265 in file ..\CORE\startup_CM3DS.s

DebugMon_Handler 0000003C

Symbol: DebugMon_Handler
   Definitions
      At line 168 in file ..\CORE\startup_CM3DS.s
   Uses
      At line 75 in file ..\CORE\startup_CM3DS.s
      At line 169 in file ..\CORE\startup_CM3DS.s

HardFault_Handler 00000014

Symbol: HardFault_Handler
   Definitions
      At line 128 in file ..\CORE\startup_CM3DS.s
   Uses
      At line 66 in file ..\CORE\startup_CM3DS.s
      At line 129 in file ..\CORE\startup_CM3DS.s

KEY0_Handler 0000006C

Symbol: KEY0_Handler
   Definitions
      At line 216 in file ..\CORE\startup_CM3DS.s
   Uses
      At line 84 in file ..\CORE\startup_CM3DS.s
      At line 217 in file ..\CORE\startup_CM3DS.s

KEY1_Handler 00000074

Symbol: KEY1_Handler
   Definitions
      At line 224 in file ..\CORE\startup_CM3DS.s
   Uses



ARM Macro Assembler    Page 2 Alphabetic symbol ordering
Relocatable symbols

      At line 85 in file ..\CORE\startup_CM3DS.s
      At line 225 in file ..\CORE\startup_CM3DS.s

KEY2_Handler 0000007C

Symbol: KEY2_Handler
   Definitions
      At line 232 in file ..\CORE\startup_CM3DS.s
   Uses
      At line 86 in file ..\CORE\startup_CM3DS.s
      At line 233 in file ..\CORE\startup_CM3DS.s

KEY3_Handler 00000084

Symbol: KEY3_Handler
   Definitions
      At line 240 in file ..\CORE\startup_CM3DS.s
   Uses
      At line 87 in file ..\CORE\startup_CM3DS.s
      At line 241 in file ..\CORE\startup_CM3DS.s

MemManage_Handler 0000001C

Symbol: MemManage_Handler
   Definitions
      At line 136 in file ..\CORE\startup_CM3DS.s
   Uses
      At line 67 in file ..\CORE\startup_CM3DS.s
      At line 137 in file ..\CORE\startup_CM3DS.s

NMI_Handler 0000000C

Symbol: NMI_Handler
   Definitions
      At line 120 in file ..\CORE\startup_CM3DS.s
   Uses
      At line 65 in file ..\CORE\startup_CM3DS.s
      At line 121 in file ..\CORE\startup_CM3DS.s

NOISE_Handler 000000BC

Symbol: NOISE_Handler
   Definitions
      At line 296 in file ..\CORE\startup_CM3DS.s
   Uses
      At line 94 in file ..\CORE\startup_CM3DS.s
      At line 297 in file ..\CORE\startup_CM3DS.s

PULSE0_Handler 000000A4

Symbol: PULSE0_Handler
   Definitions
      At line 272 in file ..\CORE\startup_CM3DS.s
   Uses
      At line 91 in file ..\CORE\startup_CM3DS.s
      At line 273 in file ..\CORE\startup_CM3DS.s

PULSE1_Handler 000000AC




ARM Macro Assembler    Page 3 Alphabetic symbol ordering
Relocatable symbols

Symbol: PULSE1_Handler
   Definitions
      At line 280 in file ..\CORE\startup_CM3DS.s
   Uses
      At line 92 in file ..\CORE\startup_CM3DS.s
      At line 281 in file ..\CORE\startup_CM3DS.s

PendSV_Handler 00000044

Symbol: PendSV_Handler
   Definitions
      At line 176 in file ..\CORE\startup_CM3DS.s
   Uses
      At line 77 in file ..\CORE\startup_CM3DS.s
      At line 177 in file ..\CORE\startup_CM3DS.s

Reset_Handler 00000000

Symbol: Reset_Handler
   Definitions
      At line 105 in file ..\CORE\startup_CM3DS.s
   Uses
      At line 64 in file ..\CORE\startup_CM3DS.s
      At line 106 in file ..\CORE\startup_CM3DS.s

SVC_Handler 00000034

Symbol: SVC_Handler
   Definitions
      At line 160 in file ..\CORE\startup_CM3DS.s
   Uses
      At line 74 in file ..\CORE\startup_CM3DS.s
      At line 161 in file ..\CORE\startup_CM3DS.s

SysTick_Handler 0000004C

Symbol: SysTick_Handler
   Definitions
      At line 184 in file ..\CORE\startup_CM3DS.s
   Uses
      At line 78 in file ..\CORE\startup_CM3DS.s
      At line 185 in file ..\CORE\startup_CM3DS.s

TIMER_Handler 0000008C

Symbol: TIMER_Handler
   Definitions
      At line 248 in file ..\CORE\startup_CM3DS.s
   Uses
      At line 88 in file ..\CORE\startup_CM3DS.s
      At line 249 in file ..\CORE\startup_CM3DS.s

TRIANGLE_Handler 000000B4

Symbol: TRIANGLE_Handler
   Definitions
      At line 288 in file ..\CORE\startup_CM3DS.s
   Uses
      At line 93 in file ..\CORE\startup_CM3DS.s



ARM Macro Assembler    Page 4 Alphabetic symbol ordering
Relocatable symbols

      At line 289 in file ..\CORE\startup_CM3DS.s

UARTOVR_Handler 00000064

Symbol: UARTOVR_Handler
   Definitions
      At line 208 in file ..\CORE\startup_CM3DS.s
   Uses
      At line 83 in file ..\CORE\startup_CM3DS.s
      At line 209 in file ..\CORE\startup_CM3DS.s

UARTRX_Handler 00000054

Symbol: UARTRX_Handler
   Definitions
      At line 192 in file ..\CORE\startup_CM3DS.s
   Uses
      At line 81 in file ..\CORE\startup_CM3DS.s
      At line 193 in file ..\CORE\startup_CM3DS.s

UARTTX_Handler 0000005C

Symbol: UARTTX_Handler
   Definitions
      At line 200 in file ..\CORE\startup_CM3DS.s
   Uses
      At line 82 in file ..\CORE\startup_CM3DS.s
      At line 201 in file ..\CORE\startup_CM3DS.s

UsageFault_Handler 0000002C

Symbol: UsageFault_Handler
   Definitions
      At line 152 in file ..\CORE\startup_CM3DS.s
   Uses
      At line 69 in file ..\CORE\startup_CM3DS.s
      At line 153 in file ..\CORE\startup_CM3DS.s

VGA_Handler 00000094

Symbol: VGA_Handler
   Definitions
      At line 256 in file ..\CORE\startup_CM3DS.s
   Uses
      At line 89 in file ..\CORE\startup_CM3DS.s
      At line 257 in file ..\CORE\startup_CM3DS.s

25 symbols



ARM Macro Assembler    Page 1 Alphabetic symbol ordering
Absolute symbols

Heap_Size 00000800

Symbol: Heap_Size
   Definitions
      At line 44 in file ..\CORE\startup_CM3DS.s
   Uses
      At line 48 in file ..\CORE\startup_CM3DS.s
Comment: Heap_Size used once
Stack_Size 00000800

Symbol: Stack_Size
   Definitions
      At line 33 in file ..\CORE\startup_CM3DS.s
   Uses
      At line 36 in file ..\CORE\startup_CM3DS.s
Comment: Stack_Size used once
__Vectors_Size 00000078

Symbol: __Vectors_Size
   Definitions
      At line 98 in file ..\CORE\startup_CM3DS.s
   Uses
      At line 61 in file ..\CORE\startup_CM3DS.s
Comment: __Vectors_Size used once
3 symbols



ARM Macro Assembler    Page 1 Alphabetic symbol ordering
External symbols

BusFaultHandler 00000000

Symbol: BusFaultHandler
   Definitions
      At line 146 in file ..\CORE\startup_CM3DS.s
   Uses
      At line 148 in file ..\CORE\startup_CM3DS.s
Comment: BusFaultHandler used once
DebugMonHandler 00000000

Symbol: DebugMonHandler
   Definitions
      At line 170 in file ..\CORE\startup_CM3DS.s
   Uses
      At line 172 in file ..\CORE\startup_CM3DS.s
Comment: DebugMonHandler used once
HardFaultHandler 00000000

Symbol: HardFaultHandler
   Definitions
      At line 130 in file ..\CORE\startup_CM3DS.s
   Uses
      At line 132 in file ..\CORE\startup_CM3DS.s
Comment: HardFaultHandler used once
KEY0 00000000

Symbol: KEY0
   Definitions
      At line 218 in file ..\CORE\startup_CM3DS.s
   Uses
      At line 220 in file ..\CORE\startup_CM3DS.s
Comment: KEY0 used once
KEY1 00000000

Symbol: KEY1
   Definitions
      At line 226 in file ..\CORE\startup_CM3DS.s
   Uses
      At line 228 in file ..\CORE\startup_CM3DS.s
Comment: KEY1 used once
KEY2 00000000

Symbol: KEY2
   Definitions
      At line 234 in file ..\CORE\startup_CM3DS.s
   Uses
      At line 236 in file ..\CORE\startup_CM3DS.s
Comment: KEY2 used once
KEY3 00000000

Symbol: KEY3
   Definitions
      At line 242 in file ..\CORE\startup_CM3DS.s
   Uses
      At line 244 in file ..\CORE\startup_CM3DS.s
Comment: KEY3 used once
MemManageHandler 00000000

Symbol: MemManageHandler



ARM Macro Assembler    Page 2 Alphabetic symbol ordering
External symbols

   Definitions
      At line 138 in file ..\CORE\startup_CM3DS.s
   Uses
      At line 140 in file ..\CORE\startup_CM3DS.s
Comment: MemManageHandler used once
NMIHandler 00000000

Symbol: NMIHandler
   Definitions
      At line 122 in file ..\CORE\startup_CM3DS.s
   Uses
      At line 124 in file ..\CORE\startup_CM3DS.s
Comment: NMIHandler used once
PendSVHandler 00000000

Symbol: PendSVHandler
   Definitions
      At line 178 in file ..\CORE\startup_CM3DS.s
   Uses
      At line 180 in file ..\CORE\startup_CM3DS.s
Comment: PendSVHandler used once
SVCHandler 00000000

Symbol: SVCHandler
   Definitions
      At line 162 in file ..\CORE\startup_CM3DS.s
   Uses
      At line 164 in file ..\CORE\startup_CM3DS.s
Comment: SVCHandler used once
SysTickHandler 00000000

Symbol: SysTickHandler
   Definitions
      At line 186 in file ..\CORE\startup_CM3DS.s
   Uses
      At line 188 in file ..\CORE\startup_CM3DS.s
Comment: SysTickHandler used once
SystemInit 00000000

Symbol: SystemInit
   Definitions
      At line 107 in file ..\CORE\startup_CM3DS.s
   Uses
      At line 111 in file ..\CORE\startup_CM3DS.s
Comment: SystemInit used once
Timer_Handler 00000000

Symbol: Timer_Handler
   Definitions
      At line 250 in file ..\CORE\startup_CM3DS.s
   Uses
      At line 252 in file ..\CORE\startup_CM3DS.s
Comment: Timer_Handler used once
UARTOVRHandler 00000000

Symbol: UARTOVRHandler
   Definitions
      At line 210 in file ..\CORE\startup_CM3DS.s
   Uses



ARM Macro Assembler    Page 3 Alphabetic symbol ordering
External symbols

      At line 212 in file ..\CORE\startup_CM3DS.s
Comment: UARTOVRHandler used once
UARTRXHandler 00000000

Symbol: UARTRXHandler
   Definitions
      At line 194 in file ..\CORE\startup_CM3DS.s
   Uses
      At line 196 in file ..\CORE\startup_CM3DS.s
Comment: UARTRXHandler used once
UARTTXHandler 00000000

Symbol: UARTTXHandler
   Definitions
      At line 202 in file ..\CORE\startup_CM3DS.s
   Uses
      At line 204 in file ..\CORE\startup_CM3DS.s
Comment: UARTTXHandler used once
UsageFaultHandler 00000000

Symbol: UsageFaultHandler
   Definitions
      At line 154 in file ..\CORE\startup_CM3DS.s
   Uses
      At line 156 in file ..\CORE\startup_CM3DS.s
Comment: UsageFaultHandler used once
__main 00000000

Symbol: __main
   Definitions
      At line 108 in file ..\CORE\startup_CM3DS.s
   Uses
      At line 113 in file ..\CORE\startup_CM3DS.s
Comment: __main used once
create_plane_Handler 00000000

Symbol: create_plane_Handler
   Definitions
      At line 266 in file ..\CORE\startup_CM3DS.s
   Uses
      At line 268 in file ..\CORE\startup_CM3DS.s
Comment: create_plane_Handler used once
noise_Handler 00000000

Symbol: noise_Handler
   Definitions
      At line 298 in file ..\CORE\startup_CM3DS.s
   Uses
      At line 300 in file ..\CORE\startup_CM3DS.s
Comment: noise_Handler used once
pulse0_Handler 00000000

Symbol: pulse0_Handler
   Definitions
      At line 274 in file ..\CORE\startup_CM3DS.s
   Uses
      At line 276 in file ..\CORE\startup_CM3DS.s
Comment: pulse0_Handler used once
pulse1_Handler 00000000



ARM Macro Assembler    Page 4 Alphabetic symbol ordering
External symbols


Symbol: pulse1_Handler
   Definitions
      At line 282 in file ..\CORE\startup_CM3DS.s
   Uses
      At line 284 in file ..\CORE\startup_CM3DS.s
Comment: pulse1_Handler used once
triangle_Handler 00000000

Symbol: triangle_Handler
   Definitions
      At line 290 in file ..\CORE\startup_CM3DS.s
   Uses
      At line 292 in file ..\CORE\startup_CM3DS.s
Comment: triangle_Handler used once
vga_Handler 00000000

Symbol: vga_Handler
   Definitions
      At line 258 in file ..\CORE\startup_CM3DS.s
   Uses
      At line 260 in file ..\CORE\startup_CM3DS.s
Comment: vga_Handler used once
25 symbols
398 symbols in table
